                              1 ;--------------------------------------------------------
                              2 ; File Created by SDCC : free open source ANSI-C Compiler
                              3 ; Version 3.6.0 #9615 (MINGW64)
                              4 ;--------------------------------------------------------
                              5 	.module printf
                              6 	.optsdcc -mz80
                              7 	
                              8 ;--------------------------------------------------------
                              9 ; Public variables in this module
                             10 ;--------------------------------------------------------
                             11 	.globl _sprintf
                             12 	.globl _printf
                             13 ;--------------------------------------------------------
                             14 ; special function registers
                             15 ;--------------------------------------------------------
                             16 ;--------------------------------------------------------
                             17 ; ram data
                             18 ;--------------------------------------------------------
                             19 	.area _DATA
                             20 ;--------------------------------------------------------
                             21 ; ram data
                             22 ;--------------------------------------------------------
                             23 	.area _INITIALIZED
                             24 ;--------------------------------------------------------
                             25 ; absolute external ram data
                             26 ;--------------------------------------------------------
                             27 	.area _DABS (ABS)
                             28 ;--------------------------------------------------------
                             29 ; global & static initialisations
                             30 ;--------------------------------------------------------
                             31 	.area _HOME
                             32 	.area _GSINIT
                             33 	.area _GSFINAL
                             34 	.area _GSINIT
                             35 ;--------------------------------------------------------
                             36 ; Home
                             37 ;--------------------------------------------------------
                             38 	.area _HOME
                             39 	.area _HOME
                             40 ;--------------------------------------------------------
                             41 ; code
                             42 ;--------------------------------------------------------
                             43 	.area _CODE
                             44 ;..\..\..\libs\util\printf.c:28: static void printchar(char **str, int c)
                             45 ;	---------------------------------
                             46 ; Function printchar
                             47 ; ---------------------------------
   0000                      48 _printchar:
   0000 DD E5         [15]   49 	push	ix
   0002 DD 21 00 00   [14]   50 	ld	ix,#0
   0006 DD 39         [15]   51 	add	ix,sp
                             52 ;..\..\..\libs\util\printf.c:31: if (str) {
   0008 DD 7E 05      [19]   53 	ld	a,5 (ix)
   000B DD B6 04      [19]   54 	or	a,4 (ix)
   000E 28 1C         [12]   55 	jr	Z,00102$
                             56 ;..\..\..\libs\util\printf.c:32: **str = c;
   0010 DD 4E 04      [19]   57 	ld	c,4 (ix)
   0013 DD 46 05      [19]   58 	ld	b,5 (ix)
   0016 69            [ 4]   59 	ld	l, c
   0017 60            [ 4]   60 	ld	h, b
   0018 5E            [ 7]   61 	ld	e,(hl)
   0019 23            [ 6]   62 	inc	hl
   001A 56            [ 7]   63 	ld	d,(hl)
   001B DD 7E 06      [19]   64 	ld	a,6 (ix)
   001E 12            [ 7]   65 	ld	(de),a
                             66 ;..\..\..\libs\util\printf.c:33: ++(*str);
   001F 69            [ 4]   67 	ld	l, c
   0020 60            [ 4]   68 	ld	h, b
   0021 5E            [ 7]   69 	ld	e,(hl)
   0022 23            [ 6]   70 	inc	hl
   0023 56            [ 7]   71 	ld	d,(hl)
   0024 13            [ 6]   72 	inc	de
   0025 7B            [ 4]   73 	ld	a,e
   0026 02            [ 7]   74 	ld	(bc),a
   0027 03            [ 6]   75 	inc	bc
   0028 7A            [ 4]   76 	ld	a,d
   0029 02            [ 7]   77 	ld	(bc),a
   002A 18 0B         [12]   78 	jr	00104$
   002C                      79 00102$:
                             80 ;..\..\..\libs\util\printf.c:35: else (void)putchar(c);
   002C DD 6E 06      [19]   81 	ld	l,6 (ix)
   002F DD 66 07      [19]   82 	ld	h,7 (ix)
   0032 E5            [11]   83 	push	hl
   0033 CDr00r00      [17]   84 	call	_putchar
   0036 F1            [10]   85 	pop	af
   0037                      86 00104$:
   0037 DD E1         [14]   87 	pop	ix
   0039 C9            [10]   88 	ret
                             89 ;..\..\..\libs\util\printf.c:41: static int prints(char **out, const char *string, int width, int pad)
                             90 ;	---------------------------------
                             91 ; Function prints
                             92 ; ---------------------------------
   003A                      93 _prints:
   003A DD E5         [15]   94 	push	ix
   003C DD 21 00 00   [14]   95 	ld	ix,#0
   0040 DD 39         [15]   96 	add	ix,sp
   0042 F5            [11]   97 	push	af
   0043 F5            [11]   98 	push	af
                             99 ;..\..\..\libs\util\printf.c:43: register int pc = 0, padchar = ' ';
   0044 01 00 00      [10]  100 	ld	bc,#0x0000
   0047 21 20 00      [10]  101 	ld	hl,#0x0020
   004A E3            [19]  102 	ex	(sp), hl
                            103 ;..\..\..\libs\util\printf.c:48: for (ptr = string; *ptr; ++ptr) ++len;
   004B DD 7E 06      [19]  104 	ld	a,6 (ix)
   004E DD 77 FE      [19]  105 	ld	-2 (ix),a
   0051 DD 7E 07      [19]  106 	ld	a,7 (ix)
   0054 DD 77 FF      [19]  107 	ld	-1 (ix),a
                            108 ;..\..\..\libs\util\printf.c:45: if (width > 0) {
   0057 AF            [ 4]  109 	xor	a, a
   0058 DD BE 08      [19]  110 	cp	a, 8 (ix)
   005B DD 9E 09      [19]  111 	sbc	a, 9 (ix)
   005E E2r63r00      [10]  112 	jp	PO, 00179$
   0061 EE 80         [ 7]  113 	xor	a, #0x80
   0063                     114 00179$:
   0063 F2rA9r00      [10]  115 	jp	P,00108$
                            116 ;..\..\..\libs\util\printf.c:48: for (ptr = string; *ptr; ++ptr) ++len;
   0066 11 00 00      [10]  117 	ld	de,#0x0000
   0069 DD 6E FE      [19]  118 	ld	l,-2 (ix)
   006C DD 66 FF      [19]  119 	ld	h,-1 (ix)
   006F                     120 00115$:
   006F 7E            [ 7]  121 	ld	a,(hl)
   0070 B7            [ 4]  122 	or	a, a
   0071 28 04         [12]  123 	jr	Z,00101$
   0073 13            [ 6]  124 	inc	de
   0074 23            [ 6]  125 	inc	hl
   0075 18 F8         [12]  126 	jr	00115$
   0077                     127 00101$:
                            128 ;..\..\..\libs\util\printf.c:49: if (len >= width) width = 0;
   0077 7B            [ 4]  129 	ld	a,e
   0078 DD 96 08      [19]  130 	sub	a, 8 (ix)
   007B 7A            [ 4]  131 	ld	a,d
   007C DD 9E 09      [19]  132 	sbc	a, 9 (ix)
   007F E2r84r00      [10]  133 	jp	PO, 00180$
   0082 EE 80         [ 7]  134 	xor	a, #0x80
   0084                     135 00180$:
   0084 FAr91r00      [10]  136 	jp	M,00103$
   0087 DD 36 08 00   [19]  137 	ld	8 (ix),#0x00
   008B DD 36 09 00   [19]  138 	ld	9 (ix),#0x00
   008F 18 0E         [12]  139 	jr	00104$
   0091                     140 00103$:
                            141 ;..\..\..\libs\util\printf.c:50: else width -= len;
   0091 DD 7E 08      [19]  142 	ld	a,8 (ix)
   0094 93            [ 4]  143 	sub	a, e
   0095 DD 77 08      [19]  144 	ld	8 (ix),a
   0098 DD 7E 09      [19]  145 	ld	a,9 (ix)
   009B 9A            [ 4]  146 	sbc	a, d
   009C DD 77 09      [19]  147 	ld	9 (ix),a
   009F                     148 00104$:
                            149 ;..\..\..\libs\util\printf.c:51: if (pad & PAD_ZERO) padchar = '0';
   009F DD CB 0A 4E   [20]  150 	bit	1, 10 (ix)
   00A3 28 04         [12]  151 	jr	Z,00108$
   00A5 21 30 00      [10]  152 	ld	hl,#0x0030
   00A8 E3            [19]  153 	ex	(sp), hl
   00A9                     154 00108$:
                            155 ;..\..\..\libs\util\printf.c:53: if (!(pad & PAD_RIGHT)) {
   00A9 DD CB 0A 46   [20]  156 	bit	0, 10 (ix)
   00AD 20 35         [12]  157 	jr	NZ,00136$
   00AF 01 00 00      [10]  158 	ld	bc,#0x0000
   00B2 DD 5E 08      [19]  159 	ld	e,8 (ix)
   00B5 DD 56 09      [19]  160 	ld	d,9 (ix)
   00B8                     161 00118$:
                            162 ;..\..\..\libs\util\printf.c:54: for ( ; width > 0; --width) {
   00B8 AF            [ 4]  163 	xor	a, a
   00B9 BB            [ 4]  164 	cp	a, e
   00BA 9A            [ 4]  165 	sbc	a, d
   00BB E2rC0r00      [10]  166 	jp	PO, 00184$
   00BE EE 80         [ 7]  167 	xor	a, #0x80
   00C0                     168 00184$:
   00C0 F2rDEr00      [10]  169 	jp	P,00140$
                            170 ;..\..\..\libs\util\printf.c:55: printchar (out, padchar);
   00C3 C5            [11]  171 	push	bc
   00C4 D5            [11]  172 	push	de
   00C5 DD 6E FC      [19]  173 	ld	l,-4 (ix)
   00C8 DD 66 FD      [19]  174 	ld	h,-3 (ix)
   00CB E5            [11]  175 	push	hl
   00CC DD 6E 04      [19]  176 	ld	l,4 (ix)
   00CF DD 66 05      [19]  177 	ld	h,5 (ix)
   00D2 E5            [11]  178 	push	hl
   00D3 CDr00r00      [17]  179 	call	_printchar
   00D6 F1            [10]  180 	pop	af
   00D7 F1            [10]  181 	pop	af
   00D8 D1            [10]  182 	pop	de
   00D9 C1            [10]  183 	pop	bc
                            184 ;..\..\..\libs\util\printf.c:56: ++pc;
   00DA 03            [ 6]  185 	inc	bc
                            186 ;..\..\..\libs\util\printf.c:54: for ( ; width > 0; --width) {
   00DB 1B            [ 6]  187 	dec	de
   00DC 18 DA         [12]  188 	jr	00118$
   00DE                     189 00140$:
   00DE DD 73 08      [19]  190 	ld	8 (ix),e
   00E1 DD 72 09      [19]  191 	ld	9 (ix),d
   00E4                     192 00136$:
   00E4 DD 5E FE      [19]  193 	ld	e,-2 (ix)
   00E7 DD 56 FF      [19]  194 	ld	d,-1 (ix)
   00EA                     195 00121$:
                            196 ;..\..\..\libs\util\printf.c:59: for ( ; *string ; ++string) {
   00EA 1A            [ 7]  197 	ld	a,(de)
   00EB B7            [ 4]  198 	or	a, a
   00EC 28 18         [12]  199 	jr	Z,00138$
                            200 ;..\..\..\libs\util\printf.c:60: printchar (out, *string);
   00EE 6F            [ 4]  201 	ld	l,a
   00EF 26 00         [ 7]  202 	ld	h,#0x00
   00F1 C5            [11]  203 	push	bc
   00F2 D5            [11]  204 	push	de
   00F3 E5            [11]  205 	push	hl
   00F4 DD 6E 04      [19]  206 	ld	l,4 (ix)
   00F7 DD 66 05      [19]  207 	ld	h,5 (ix)
   00FA E5            [11]  208 	push	hl
   00FB CDr00r00      [17]  209 	call	_printchar
   00FE F1            [10]  210 	pop	af
   00FF F1            [10]  211 	pop	af
   0100 D1            [10]  212 	pop	de
   0101 C1            [10]  213 	pop	bc
                            214 ;..\..\..\libs\util\printf.c:61: ++pc;
   0102 03            [ 6]  215 	inc	bc
                            216 ;..\..\..\libs\util\printf.c:59: for ( ; *string ; ++string) {
   0103 13            [ 6]  217 	inc	de
   0104 18 E4         [12]  218 	jr	00121$
   0106                     219 00138$:
   0106 DD 5E 08      [19]  220 	ld	e,8 (ix)
   0109 DD 56 09      [19]  221 	ld	d,9 (ix)
   010C                     222 00124$:
                            223 ;..\..\..\libs\util\printf.c:63: for ( ; width > 0; --width) {
   010C AF            [ 4]  224 	xor	a, a
   010D BB            [ 4]  225 	cp	a, e
   010E 9A            [ 4]  226 	sbc	a, d
   010F E2r14r01      [10]  227 	jp	PO, 00185$
   0112 EE 80         [ 7]  228 	xor	a, #0x80
   0114                     229 00185$:
   0114 F2r32r01      [10]  230 	jp	P,00113$
                            231 ;..\..\..\libs\util\printf.c:64: printchar (out, padchar);
   0117 C5            [11]  232 	push	bc
   0118 D5            [11]  233 	push	de
   0119 DD 6E FC      [19]  234 	ld	l,-4 (ix)
   011C DD 66 FD      [19]  235 	ld	h,-3 (ix)
   011F E5            [11]  236 	push	hl
   0120 DD 6E 04      [19]  237 	ld	l,4 (ix)
   0123 DD 66 05      [19]  238 	ld	h,5 (ix)
   0126 E5            [11]  239 	push	hl
   0127 CDr00r00      [17]  240 	call	_printchar
   012A F1            [10]  241 	pop	af
   012B F1            [10]  242 	pop	af
   012C D1            [10]  243 	pop	de
   012D C1            [10]  244 	pop	bc
                            245 ;..\..\..\libs\util\printf.c:65: ++pc;
   012E 03            [ 6]  246 	inc	bc
                            247 ;..\..\..\libs\util\printf.c:63: for ( ; width > 0; --width) {
   012F 1B            [ 6]  248 	dec	de
   0130 18 DA         [12]  249 	jr	00124$
   0132                     250 00113$:
                            251 ;..\..\..\libs\util\printf.c:68: return pc;
   0132 69            [ 4]  252 	ld	l, c
   0133 60            [ 4]  253 	ld	h, b
   0134 DD F9         [10]  254 	ld	sp, ix
   0136 DD E1         [14]  255 	pop	ix
   0138 C9            [10]  256 	ret
                            257 ;..\..\..\libs\util\printf.c:74: static int printi(char **out, int i, int b, int sg, int width, int pad, int letbase)
                            258 ;	---------------------------------
                            259 ; Function printi
                            260 ; ---------------------------------
   0139                     261 _printi:
   0139 DD E5         [15]  262 	push	ix
   013B DD 21 00 00   [14]  263 	ld	ix,#0
   013F DD 39         [15]  264 	add	ix,sp
   0141 21 EC FF      [10]  265 	ld	hl,#-20
   0144 39            [11]  266 	add	hl,sp
   0145 F9            [ 6]  267 	ld	sp,hl
                            268 ;..\..\..\libs\util\printf.c:78: register int t, neg = 0, pc = 0;
   0146 01 00 00      [10]  269 	ld	bc,#0x0000
   0149 21 00 00      [10]  270 	ld	hl,#0x0000
   014C E3            [19]  271 	ex	(sp), hl
                            272 ;..\..\..\libs\util\printf.c:79: register unsigned int u = i;
   014D DD 5E 06      [19]  273 	ld	e,6 (ix)
   0150 DD 56 07      [19]  274 	ld	d,7 (ix)
                            275 ;..\..\..\libs\util\printf.c:81: if (i == 0) {
   0153 7A            [ 4]  276 	ld	a,d
   0154 B3            [ 4]  277 	or	a,e
   0155 20 2D         [12]  278 	jr	NZ,00102$
                            279 ;..\..\..\libs\util\printf.c:82: print_buf[0] = '0';
   0157 21 02 00      [10]  280 	ld	hl,#0x0002
   015A 39            [11]  281 	add	hl,sp
   015B 4D            [ 4]  282 	ld	c,l
   015C 44            [ 4]  283 	ld	b,h
   015D 36 30         [10]  284 	ld	(hl),#0x30
                            285 ;..\..\..\libs\util\printf.c:83: print_buf[1] = '\0';
   015F 59            [ 4]  286 	ld	e, c
   0160 50            [ 4]  287 	ld	d, b
   0161 13            [ 6]  288 	inc	de
   0162 AF            [ 4]  289 	xor	a, a
   0163 12            [ 7]  290 	ld	(de),a
                            291 ;..\..\..\libs\util\printf.c:84: return prints (out, print_buf, width, pad);
   0164 DD 6E 0E      [19]  292 	ld	l,14 (ix)
   0167 DD 66 0F      [19]  293 	ld	h,15 (ix)
   016A E5            [11]  294 	push	hl
   016B DD 6E 0C      [19]  295 	ld	l,12 (ix)
   016E DD 66 0D      [19]  296 	ld	h,13 (ix)
   0171 E5            [11]  297 	push	hl
   0172 C5            [11]  298 	push	bc
   0173 DD 6E 04      [19]  299 	ld	l,4 (ix)
   0176 DD 66 05      [19]  300 	ld	h,5 (ix)
   0179 E5            [11]  301 	push	hl
   017A CDr3Ar00      [17]  302 	call	_prints
   017D F1            [10]  303 	pop	af
   017E F1            [10]  304 	pop	af
   017F F1            [10]  305 	pop	af
   0180 F1            [10]  306 	pop	af
   0181 C3r8Dr02      [10]  307 	jp	00118$
   0184                     308 00102$:
                            309 ;..\..\..\libs\util\printf.c:87: if (sg && b == 10 && i < 0) {
   0184 DD 7E 0B      [19]  310 	ld	a,11 (ix)
   0187 DD B6 0A      [19]  311 	or	a,10 (ix)
   018A 28 1D         [12]  312 	jr	Z,00104$
   018C DD 7E 08      [19]  313 	ld	a,8 (ix)
   018F D6 0A         [ 7]  314 	sub	a, #0x0a
   0191 20 16         [12]  315 	jr	NZ,00104$
   0193 DD 7E 09      [19]  316 	ld	a,9 (ix)
   0196 B7            [ 4]  317 	or	a, a
   0197 20 10         [12]  318 	jr	NZ,00104$
   0199 DD CB 07 7E   [20]  319 	bit	7, 7 (ix)
   019D 28 0A         [12]  320 	jr	Z,00104$
                            321 ;..\..\..\libs\util\printf.c:88: neg = 1;
   019F 01 01 00      [10]  322 	ld	bc,#0x0001
                            323 ;..\..\..\libs\util\printf.c:89: u = -i;
   01A2 AF            [ 4]  324 	xor	a, a
   01A3 93            [ 4]  325 	sub	a, e
   01A4 5F            [ 4]  326 	ld	e,a
   01A5 3E 00         [ 7]  327 	ld	a, #0x00
   01A7 9A            [ 4]  328 	sbc	a, d
   01A8 57            [ 4]  329 	ld	d,a
   01A9                     330 00104$:
                            331 ;..\..\..\libs\util\printf.c:92: s = print_buf + PRINT_BUF_LEN-1;
   01A9 21 0D 00      [10]  332 	ld	hl,#0x000d
   01AC 39            [11]  333 	add	hl,sp
                            334 ;..\..\..\libs\util\printf.c:93: *s = '\0';
   01AD 36 00         [10]  335 	ld	(hl),#0x00
                            336 ;..\..\..\libs\util\printf.c:95: while (u) {
   01AF DD 7E 10      [19]  337 	ld	a,16 (ix)
   01B2 C6 C6         [ 7]  338 	add	a,#0xc6
   01B4 DD 77 FA      [19]  339 	ld	-6 (ix),a
   01B7 DD 7E 11      [19]  340 	ld	a,17 (ix)
   01BA CE FF         [ 7]  341 	adc	a,#0xff
   01BC DD 77 FB      [19]  342 	ld	-5 (ix),a
   01BF DD 75 FC      [19]  343 	ld	-4 (ix),l
   01C2 DD 74 FD      [19]  344 	ld	-3 (ix),h
   01C5                     345 00109$:
   01C5 7A            [ 4]  346 	ld	a,d
   01C6 B3            [ 4]  347 	or	a,e
   01C7 28 5D         [12]  348 	jr	Z,00130$
                            349 ;..\..\..\libs\util\printf.c:96: t = u % b;
   01C9 DD 7E 08      [19]  350 	ld	a,8 (ix)
   01CC DD 77 FE      [19]  351 	ld	-2 (ix),a
   01CF DD 7E 09      [19]  352 	ld	a,9 (ix)
   01D2 DD 77 FF      [19]  353 	ld	-1 (ix),a
   01D5 C5            [11]  354 	push	bc
   01D6 D5            [11]  355 	push	de
   01D7 DD 6E FE      [19]  356 	ld	l,-2 (ix)
   01DA DD 66 FF      [19]  357 	ld	h,-1 (ix)
   01DD E5            [11]  358 	push	hl
   01DE D5            [11]  359 	push	de
   01DF CDr00r00      [17]  360 	call	__moduint
   01E2 F1            [10]  361 	pop	af
   01E3 F1            [10]  362 	pop	af
   01E4 D1            [10]  363 	pop	de
   01E5 C1            [10]  364 	pop	bc
                            365 ;..\..\..\libs\util\printf.c:97: if( t >= 10 )
   01E6 7D            [ 4]  366 	ld	a,l
   01E7 D6 0A         [ 7]  367 	sub	a, #0x0a
   01E9 7C            [ 4]  368 	ld	a,h
   01EA 17            [ 4]  369 	rla
   01EB 3F            [ 4]  370 	ccf
   01EC 1F            [ 4]  371 	rra
   01ED DE 80         [ 7]  372 	sbc	a, #0x80
   01EF 38 09         [12]  373 	jr	C,00108$
                            374 ;..\..\..\libs\util\printf.c:98: t += letbase - '0' - 10;
   01F1 7D            [ 4]  375 	ld	a,l
   01F2 DD 86 FA      [19]  376 	add	a, -6 (ix)
   01F5 6F            [ 4]  377 	ld	l,a
   01F6 7C            [ 4]  378 	ld	a,h
   01F7 DD 8E FB      [19]  379 	adc	a, -5 (ix)
   01FA                     380 00108$:
                            381 ;..\..\..\libs\util\printf.c:99: *--s = t + '0';
   01FA DD 7E FC      [19]  382 	ld	a,-4 (ix)
   01FD C6 FF         [ 7]  383 	add	a,#0xff
   01FF DD 77 FC      [19]  384 	ld	-4 (ix),a
   0202 DD 7E FD      [19]  385 	ld	a,-3 (ix)
   0205 CE FF         [ 7]  386 	adc	a,#0xff
   0207 DD 77 FD      [19]  387 	ld	-3 (ix),a
   020A 7D            [ 4]  388 	ld	a,l
   020B C6 30         [ 7]  389 	add	a, #0x30
   020D DD 6E FC      [19]  390 	ld	l,-4 (ix)
   0210 DD 66 FD      [19]  391 	ld	h,-3 (ix)
   0213 77            [ 7]  392 	ld	(hl),a
                            393 ;..\..\..\libs\util\printf.c:100: u /= b;
   0214 C5            [11]  394 	push	bc
   0215 DD 6E FE      [19]  395 	ld	l,-2 (ix)
   0218 DD 66 FF      [19]  396 	ld	h,-1 (ix)
   021B E5            [11]  397 	push	hl
   021C D5            [11]  398 	push	de
   021D CDr00r00      [17]  399 	call	__divuint
   0220 F1            [10]  400 	pop	af
   0221 F1            [10]  401 	pop	af
   0222 EB            [ 4]  402 	ex	de,hl
   0223 C1            [10]  403 	pop	bc
   0224 18 9F         [12]  404 	jr	00109$
   0226                     405 00130$:
   0226 DD 6E FC      [19]  406 	ld	l,-4 (ix)
   0229 DD 66 FD      [19]  407 	ld	h,-3 (ix)
                            408 ;..\..\..\libs\util\printf.c:103: if (neg) {
   022C 78            [ 4]  409 	ld	a,b
   022D B1            [ 4]  410 	or	a,c
   022E 28 3D         [12]  411 	jr	Z,00117$
                            412 ;..\..\..\libs\util\printf.c:104: if( width && (pad & PAD_ZERO) ) {
   0230 DD 7E 0D      [19]  413 	ld	a,13 (ix)
   0233 DD B6 0C      [19]  414 	or	a,12 (ix)
   0236 28 32         [12]  415 	jr	Z,00113$
   0238 DD CB 0E 4E   [20]  416 	bit	1, 14 (ix)
   023C 28 2C         [12]  417 	jr	Z,00113$
                            418 ;..\..\..\libs\util\printf.c:105: printchar (out, '-');
   023E E5            [11]  419 	push	hl
   023F 01 2D 00      [10]  420 	ld	bc,#0x002d
   0242 C5            [11]  421 	push	bc
   0243 DD 4E 04      [19]  422 	ld	c,4 (ix)
   0246 DD 46 05      [19]  423 	ld	b,5 (ix)
   0249 C5            [11]  424 	push	bc
   024A CDr00r00      [17]  425 	call	_printchar
   024D F1            [10]  426 	pop	af
   024E F1            [10]  427 	pop	af
   024F E1            [10]  428 	pop	hl
                            429 ;..\..\..\libs\util\printf.c:106: ++pc;
   0250 DD 36 EC 01   [19]  430 	ld	-20 (ix),#0x01
   0254 DD 36 ED 00   [19]  431 	ld	-19 (ix),#0x00
                            432 ;..\..\..\libs\util\printf.c:107: --width;
   0258 DD 7E 0C      [19]  433 	ld	a,12 (ix)
   025B C6 FF         [ 7]  434 	add	a,#0xff
   025D DD 77 0C      [19]  435 	ld	12 (ix),a
   0260 DD 7E 0D      [19]  436 	ld	a,13 (ix)
   0263 CE FF         [ 7]  437 	adc	a,#0xff
   0265 DD 77 0D      [19]  438 	ld	13 (ix),a
   0268 18 03         [12]  439 	jr	00117$
   026A                     440 00113$:
                            441 ;..\..\..\libs\util\printf.c:110: *--s = '-';
   026A 2B            [ 6]  442 	dec	hl
   026B 36 2D         [10]  443 	ld	(hl),#0x2d
   026D                     444 00117$:
                            445 ;..\..\..\libs\util\printf.c:114: return pc + prints (out, s, width, pad);
   026D DD 4E 0E      [19]  446 	ld	c,14 (ix)
   0270 DD 46 0F      [19]  447 	ld	b,15 (ix)
   0273 C5            [11]  448 	push	bc
   0274 DD 4E 0C      [19]  449 	ld	c,12 (ix)
   0277 DD 46 0D      [19]  450 	ld	b,13 (ix)
   027A C5            [11]  451 	push	bc
   027B E5            [11]  452 	push	hl
   027C DD 6E 04      [19]  453 	ld	l,4 (ix)
   027F DD 66 05      [19]  454 	ld	h,5 (ix)
   0282 E5            [11]  455 	push	hl
   0283 CDr3Ar00      [17]  456 	call	_prints
   0286 F1            [10]  457 	pop	af
   0287 F1            [10]  458 	pop	af
   0288 F1            [10]  459 	pop	af
   0289 F1            [10]  460 	pop	af
   028A D1            [10]  461 	pop	de
   028B D5            [11]  462 	push	de
   028C 19            [11]  463 	add	hl,de
   028D                     464 00118$:
   028D DD F9         [10]  465 	ld	sp, ix
   028F DD E1         [14]  466 	pop	ix
   0291 C9            [10]  467 	ret
                            468 ;..\..\..\libs\util\printf.c:117: static int print(char **out, int *varg)
                            469 ;	---------------------------------
                            470 ; Function print
                            471 ; ---------------------------------
   0292                     472 _print:
   0292 DD E5         [15]  473 	push	ix
   0294 DD 21 00 00   [14]  474 	ld	ix,#0
   0298 DD 39         [15]  475 	add	ix,sp
   029A 21 ED FF      [10]  476 	ld	hl,#-19
   029D 39            [11]  477 	add	hl,sp
   029E F9            [ 6]  478 	ld	sp,hl
                            479 ;..\..\..\libs\util\printf.c:120: register int pc = 0;
   029F 01 00 00      [10]  480 	ld	bc,#0x0000
                            481 ;..\..\..\libs\util\printf.c:121: register char *format = (char *)(*varg++);
   02A2 DD 6E 06      [19]  482 	ld	l,6 (ix)
   02A5 DD 66 07      [19]  483 	ld	h,7 (ix)
   02A8 E5            [11]  484 	push	hl
   02A9 5E            [ 7]  485 	ld	e,(hl)
   02AA 23            [ 6]  486 	inc	hl
   02AB 56            [ 7]  487 	ld	d,(hl)
   02AC E1            [10]  488 	pop	hl
   02AD 23            [ 6]  489 	inc	hl
   02AE 23            [ 6]  490 	inc	hl
   02AF DD 75 06      [19]  491 	ld	6 (ix),l
   02B2 DD 74 07      [19]  492 	ld	7 (ix),h
   02B5 DD 73 F8      [19]  493 	ld	-8 (ix),e
   02B8 DD 72 F9      [19]  494 	ld	-7 (ix),d
                            495 ;..\..\..\libs\util\printf.c:178: return pc;
   02BB                     496 00136$:
                            497 ;..\..\..\libs\util\printf.c:124: for (; *format != 0; ++format) {
   02BB DD 6E F8      [19]  498 	ld	l,-8 (ix)
   02BE DD 66 F9      [19]  499 	ld	h,-7 (ix)
   02C1 6E            [ 7]  500 	ld	l,(hl)
   02C2 7D            [ 4]  501 	ld	a,l
   02C3 B7            [ 4]  502 	or	a, a
   02C4 CArBDr05      [10]  503 	jp	Z,00128$
                            504 ;..\..\..\libs\util\printf.c:125: if (*format == '%') {
   02C7 7D            [ 4]  505 	ld	a,l
   02C8 D6 25         [ 7]  506 	sub	a, #0x25
   02CA C2r9Fr05      [10]  507 	jp	NZ,00123$
                            508 ;..\..\..\libs\util\printf.c:126: ++format;
   02CD DD 34 F8      [23]  509 	inc	-8 (ix)
   02D0 20 03         [12]  510 	jr	NZ,00223$
   02D2 DD 34 F9      [23]  511 	inc	-7 (ix)
   02D5                     512 00223$:
                            513 ;..\..\..\libs\util\printf.c:127: width = pad = 0;
   02D5 11 00 00      [10]  514 	ld	de,#0x0000
   02D8 DD 36 FE 00   [19]  515 	ld	-2 (ix),#0x00
   02DC DD 36 FF 00   [19]  516 	ld	-1 (ix),#0x00
                            517 ;..\..\..\libs\util\printf.c:124: for (; *format != 0; ++format) {
   02E0 DD 6E F8      [19]  518 	ld	l,-8 (ix)
   02E3 DD 66 F9      [19]  519 	ld	h,-7 (ix)
   02E6 6E            [ 7]  520 	ld	l,(hl)
                            521 ;..\..\..\libs\util\printf.c:128: if (*format == '\0') break;
   02E7 7D            [ 4]  522 	ld	a,l
   02E8 B7            [ 4]  523 	or	a, a
   02E9 CArBDr05      [10]  524 	jp	Z,00128$
                            525 ;..\..\..\libs\util\printf.c:129: if (*format == '%') goto out;
                            526 ;..\..\..\libs\util\printf.c:130: if (*format == '-') {
   02EC 7D            [ 4]  527 	ld	a,l
   02ED FE 25         [ 7]  528 	cp	a,#0x25
   02EF CAr9Fr05      [10]  529 	jp	Z,00123$
   02F2 D6 2D         [ 7]  530 	sub	a, #0x2d
   02F4 20 0B         [12]  531 	jr	NZ,00149$
                            532 ;..\..\..\libs\util\printf.c:131: ++format;
   02F6 DD 34 F8      [23]  533 	inc	-8 (ix)
   02F9 20 03         [12]  534 	jr	NZ,00227$
   02FB DD 34 F9      [23]  535 	inc	-7 (ix)
   02FE                     536 00227$:
                            537 ;..\..\..\libs\util\printf.c:132: pad = PAD_RIGHT;
   02FE 11 01 00      [10]  538 	ld	de,#0x0001
                            539 ;..\..\..\libs\util\printf.c:134: while (*format == '0') {
   0301                     540 00149$:
   0301 DD 6E F8      [19]  541 	ld	l,-8 (ix)
   0304 DD 66 F9      [19]  542 	ld	h,-7 (ix)
   0307                     543 00107$:
   0307 7E            [ 7]  544 	ld	a,(hl)
   0308 D6 30         [ 7]  545 	sub	a, #0x30
   030A 20 05         [12]  546 	jr	NZ,00152$
                            547 ;..\..\..\libs\util\printf.c:135: ++format;
   030C 23            [ 6]  548 	inc	hl
                            549 ;..\..\..\libs\util\printf.c:136: pad |= PAD_ZERO;
   030D CB CB         [ 8]  550 	set	1, e
   030F 18 F6         [12]  551 	jr	00107$
   0311                     552 00152$:
   0311 DD 75 F1      [19]  553 	ld	-15 (ix),l
   0314 DD 74 F2      [19]  554 	ld	-14 (ix),h
   0317                     555 00133$:
                            556 ;..\..\..\libs\util\printf.c:138: for ( ; *format >= '0' && *format <= '9'; ++format) {
   0317 DD 6E F1      [19]  557 	ld	l,-15 (ix)
   031A DD 66 F2      [19]  558 	ld	h,-14 (ix)
   031D 7E            [ 7]  559 	ld	a,(hl)
   031E DD 77 F5      [19]  560 	ld	-11 (ix), a
   0321 D6 30         [ 7]  561 	sub	a, #0x30
   0323 38 3F         [12]  562 	jr	C,00163$
   0325 3E 39         [ 7]  563 	ld	a,#0x39
   0327 DD 96 F5      [19]  564 	sub	a, -11 (ix)
   032A 38 38         [12]  565 	jr	C,00163$
                            566 ;..\..\..\libs\util\printf.c:139: width *= 10;
   032C D5            [11]  567 	push	de
   032D DD 5E FE      [19]  568 	ld	e,-2 (ix)
   0330 DD 56 FF      [19]  569 	ld	d,-1 (ix)
   0333 6B            [ 4]  570 	ld	l, e
   0334 62            [ 4]  571 	ld	h, d
   0335 29            [11]  572 	add	hl, hl
   0336 29            [11]  573 	add	hl, hl
   0337 19            [11]  574 	add	hl, de
   0338 29            [11]  575 	add	hl, hl
   0339 D1            [10]  576 	pop	de
   033A DD 75 F3      [19]  577 	ld	-13 (ix),l
   033D DD 74 F4      [19]  578 	ld	-12 (ix),h
                            579 ;..\..\..\libs\util\printf.c:140: width += *format - '0';
   0340 DD 7E F5      [19]  580 	ld	a, -11 (ix)
   0343 26 00         [ 7]  581 	ld	h, #0x00
   0345 C6 D0         [ 7]  582 	add	a,#0xd0
   0347 6F            [ 4]  583 	ld	l,a
   0348 7C            [ 4]  584 	ld	a,h
   0349 CE FF         [ 7]  585 	adc	a,#0xff
   034B 67            [ 4]  586 	ld	h,a
   034C DD 7E F3      [19]  587 	ld	a,-13 (ix)
   034F 85            [ 4]  588 	add	a, l
   0350 DD 77 FE      [19]  589 	ld	-2 (ix),a
   0353 DD 7E F4      [19]  590 	ld	a,-12 (ix)
   0356 8C            [ 4]  591 	adc	a, h
   0357 DD 77 FF      [19]  592 	ld	-1 (ix),a
                            593 ;..\..\..\libs\util\printf.c:138: for ( ; *format >= '0' && *format <= '9'; ++format) {
   035A DD 34 F1      [23]  594 	inc	-15 (ix)
   035D 20 B8         [12]  595 	jr	NZ,00133$
   035F DD 34 F2      [23]  596 	inc	-14 (ix)
   0362 18 B3         [12]  597 	jr	00133$
   0364                     598 00163$:
   0364 DD 7E F1      [19]  599 	ld	a,-15 (ix)
   0367 DD 77 F8      [19]  600 	ld	-8 (ix),a
   036A DD 7E F2      [19]  601 	ld	a,-14 (ix)
   036D DD 77 F9      [19]  602 	ld	-7 (ix),a
                            603 ;..\..\..\libs\util\printf.c:121: register char *format = (char *)(*varg++);
   0370 DD 7E 06      [19]  604 	ld	a,6 (ix)
   0373 DD 77 F6      [19]  605 	ld	-10 (ix),a
   0376 DD 7E 07      [19]  606 	ld	a,7 (ix)
   0379 DD 77 F7      [19]  607 	ld	-9 (ix),a
                            608 ;..\..\..\libs\util\printf.c:143: register char *s = *((char **)varg++);
   037C DD 7E F6      [19]  609 	ld	a,-10 (ix)
   037F C6 02         [ 7]  610 	add	a, #0x02
   0381 DD 77 FC      [19]  611 	ld	-4 (ix),a
   0384 DD 7E F7      [19]  612 	ld	a,-9 (ix)
   0387 CE 00         [ 7]  613 	adc	a, #0x00
   0389 DD 77 FD      [19]  614 	ld	-3 (ix),a
                            615 ;..\..\..\libs\util\printf.c:142: if( *format == 's' ) {
   038C DD 7E F5      [19]  616 	ld	a,-11 (ix)
   038F D6 73         [ 7]  617 	sub	a, #0x73
   0391 20 59         [12]  618 	jr	NZ,00112$
                            619 ;..\..\..\libs\util\printf.c:143: register char *s = *((char **)varg++);
   0393 DD 7E FC      [19]  620 	ld	a,-4 (ix)
   0396 DD 77 06      [19]  621 	ld	6 (ix),a
   0399 DD 7E FD      [19]  622 	ld	a,-3 (ix)
   039C DD 77 07      [19]  623 	ld	7 (ix),a
   039F DD 6E F6      [19]  624 	ld	l,-10 (ix)
   03A2 DD 66 F7      [19]  625 	ld	h,-9 (ix)
   03A5 7E            [ 7]  626 	ld	a,(hl)
   03A6 DD 77 ED      [19]  627 	ld	-19 (ix),a
   03A9 23            [ 6]  628 	inc	hl
   03AA 7E            [ 7]  629 	ld	a,(hl)
   03AB DD 77 EE      [19]  630 	ld	-18 (ix),a
   03AE DD 7E ED      [19]  631 	ld	a,-19 (ix)
   03B1 DD 77 FA      [19]  632 	ld	-6 (ix),a
   03B4 DD 7E EE      [19]  633 	ld	a,-18 (ix)
   03B7 DD 77 FB      [19]  634 	ld	-5 (ix),a
                            635 ;..\..\..\libs\util\printf.c:144: pc += prints (out, s?s:"(null)", width, pad);
   03BA DD 7E EE      [19]  636 	ld	a,-18 (ix)
   03BD DD B6 ED      [19]  637 	or	a,-19 (ix)
   03C0 28 08         [12]  638 	jr	Z,00141$
   03C2 DD 6E FA      [19]  639 	ld	l,-6 (ix)
   03C5 DD 66 FB      [19]  640 	ld	h,-5 (ix)
   03C8 18 03         [12]  641 	jr	00142$
   03CA                     642 00141$:
   03CA 21rD7r05      [10]  643 	ld	hl,#___str_0
   03CD                     644 00142$:
   03CD C5            [11]  645 	push	bc
   03CE D5            [11]  646 	push	de
   03CF DD 5E FE      [19]  647 	ld	e,-2 (ix)
   03D2 DD 56 FF      [19]  648 	ld	d,-1 (ix)
   03D5 D5            [11]  649 	push	de
   03D6 E5            [11]  650 	push	hl
   03D7 DD 6E 04      [19]  651 	ld	l,4 (ix)
   03DA DD 66 05      [19]  652 	ld	h,5 (ix)
   03DD E5            [11]  653 	push	hl
   03DE CDr3Ar00      [17]  654 	call	_prints
   03E1 F1            [10]  655 	pop	af
   03E2 F1            [10]  656 	pop	af
   03E3 F1            [10]  657 	pop	af
   03E4 F1            [10]  658 	pop	af
   03E5 C1            [10]  659 	pop	bc
   03E6 09            [11]  660 	add	hl,bc
   03E7 4D            [ 4]  661 	ld	c,l
   03E8 44            [ 4]  662 	ld	b,h
                            663 ;..\..\..\libs\util\printf.c:145: continue;
   03E9 C3rB1r05      [10]  664 	jp	00127$
   03EC                     665 00112$:
                            666 ;..\..\..\libs\util\printf.c:147: if( *format == 'd' ) {
   03EC DD 7E F5      [19]  667 	ld	a,-11 (ix)
   03EF D6 64         [ 7]  668 	sub	a, #0x64
   03F1 20 4F         [12]  669 	jr	NZ,00114$
                            670 ;..\..\..\libs\util\printf.c:148: pc += printi (out, *varg++, 10, 1, width, pad, 'a');
   03F3 DD 6E F6      [19]  671 	ld	l,-10 (ix)
   03F6 DD 66 F7      [19]  672 	ld	h,-9 (ix)
   03F9 7E            [ 7]  673 	ld	a,(hl)
   03FA DD 77 FA      [19]  674 	ld	-6 (ix),a
   03FD 23            [ 6]  675 	inc	hl
   03FE 7E            [ 7]  676 	ld	a,(hl)
   03FF DD 77 FB      [19]  677 	ld	-5 (ix),a
   0402 DD 7E FC      [19]  678 	ld	a,-4 (ix)
   0405 DD 77 06      [19]  679 	ld	6 (ix),a
   0408 DD 7E FD      [19]  680 	ld	a,-3 (ix)
   040B DD 77 07      [19]  681 	ld	7 (ix),a
   040E C5            [11]  682 	push	bc
   040F 21 61 00      [10]  683 	ld	hl,#0x0061
   0412 E5            [11]  684 	push	hl
   0413 D5            [11]  685 	push	de
   0414 DD 6E FE      [19]  686 	ld	l,-2 (ix)
   0417 DD 66 FF      [19]  687 	ld	h,-1 (ix)
   041A E5            [11]  688 	push	hl
   041B 21 01 00      [10]  689 	ld	hl,#0x0001
   041E E5            [11]  690 	push	hl
   041F 2E 0A         [ 7]  691 	ld	l, #0x0a
   0421 E5            [11]  692 	push	hl
   0422 DD 6E FA      [19]  693 	ld	l,-6 (ix)
   0425 DD 66 FB      [19]  694 	ld	h,-5 (ix)
   0428 E5            [11]  695 	push	hl
   0429 DD 6E 04      [19]  696 	ld	l,4 (ix)
   042C DD 66 05      [19]  697 	ld	h,5 (ix)
   042F E5            [11]  698 	push	hl
   0430 CDr39r01      [17]  699 	call	_printi
   0433 FD 21 0E 00   [14]  700 	ld	iy,#14
   0437 FD 39         [15]  701 	add	iy,sp
   0439 FD F9         [10]  702 	ld	sp,iy
   043B C1            [10]  703 	pop	bc
   043C 09            [11]  704 	add	hl,bc
   043D 4D            [ 4]  705 	ld	c,l
   043E 44            [ 4]  706 	ld	b,h
                            707 ;..\..\..\libs\util\printf.c:149: continue;
   043F C3rB1r05      [10]  708 	jp	00127$
   0442                     709 00114$:
                            710 ;..\..\..\libs\util\printf.c:151: if( *format == 'x' ) {
   0442 DD 7E F5      [19]  711 	ld	a,-11 (ix)
   0445 D6 78         [ 7]  712 	sub	a, #0x78
   0447 20 4F         [12]  713 	jr	NZ,00116$
                            714 ;..\..\..\libs\util\printf.c:152: pc += printi (out, *varg++, 16, 0, width, pad, 'a');
   0449 DD 6E F6      [19]  715 	ld	l,-10 (ix)
   044C DD 66 F7      [19]  716 	ld	h,-9 (ix)
   044F 7E            [ 7]  717 	ld	a,(hl)
   0450 DD 77 FA      [19]  718 	ld	-6 (ix),a
   0453 23            [ 6]  719 	inc	hl
   0454 7E            [ 7]  720 	ld	a,(hl)
   0455 DD 77 FB      [19]  721 	ld	-5 (ix),a
   0458 DD 7E FC      [19]  722 	ld	a,-4 (ix)
   045B DD 77 06      [19]  723 	ld	6 (ix),a
   045E DD 7E FD      [19]  724 	ld	a,-3 (ix)
   0461 DD 77 07      [19]  725 	ld	7 (ix),a
   0464 C5            [11]  726 	push	bc
   0465 21 61 00      [10]  727 	ld	hl,#0x0061
   0468 E5            [11]  728 	push	hl
   0469 D5            [11]  729 	push	de
   046A DD 6E FE      [19]  730 	ld	l,-2 (ix)
   046D DD 66 FF      [19]  731 	ld	h,-1 (ix)
   0470 E5            [11]  732 	push	hl
   0471 21 00 00      [10]  733 	ld	hl,#0x0000
   0474 E5            [11]  734 	push	hl
   0475 2E 10         [ 7]  735 	ld	l, #0x10
   0477 E5            [11]  736 	push	hl
   0478 DD 6E FA      [19]  737 	ld	l,-6 (ix)
   047B DD 66 FB      [19]  738 	ld	h,-5 (ix)
   047E E5            [11]  739 	push	hl
   047F DD 6E 04      [19]  740 	ld	l,4 (ix)
   0482 DD 66 05      [19]  741 	ld	h,5 (ix)
   0485 E5            [11]  742 	push	hl
   0486 CDr39r01      [17]  743 	call	_printi
   0489 FD 21 0E 00   [14]  744 	ld	iy,#14
   048D FD 39         [15]  745 	add	iy,sp
   048F FD F9         [10]  746 	ld	sp,iy
   0491 C1            [10]  747 	pop	bc
   0492 09            [11]  748 	add	hl,bc
   0493 4D            [ 4]  749 	ld	c,l
   0494 44            [ 4]  750 	ld	b,h
                            751 ;..\..\..\libs\util\printf.c:153: continue;
   0495 C3rB1r05      [10]  752 	jp	00127$
   0498                     753 00116$:
                            754 ;..\..\..\libs\util\printf.c:155: if( *format == 'X' ) {
   0498 DD 7E F5      [19]  755 	ld	a,-11 (ix)
   049B D6 58         [ 7]  756 	sub	a, #0x58
   049D 20 4F         [12]  757 	jr	NZ,00118$
                            758 ;..\..\..\libs\util\printf.c:156: pc += printi (out, *varg++, 16, 0, width, pad, 'A');
   049F DD 6E F6      [19]  759 	ld	l,-10 (ix)
   04A2 DD 66 F7      [19]  760 	ld	h,-9 (ix)
   04A5 7E            [ 7]  761 	ld	a,(hl)
   04A6 DD 77 FA      [19]  762 	ld	-6 (ix),a
   04A9 23            [ 6]  763 	inc	hl
   04AA 7E            [ 7]  764 	ld	a,(hl)
   04AB DD 77 FB      [19]  765 	ld	-5 (ix),a
   04AE DD 7E FC      [19]  766 	ld	a,-4 (ix)
   04B1 DD 77 06      [19]  767 	ld	6 (ix),a
   04B4 DD 7E FD      [19]  768 	ld	a,-3 (ix)
   04B7 DD 77 07      [19]  769 	ld	7 (ix),a
   04BA C5            [11]  770 	push	bc
   04BB 21 41 00      [10]  771 	ld	hl,#0x0041
   04BE E5            [11]  772 	push	hl
   04BF D5            [11]  773 	push	de
   04C0 DD 6E FE      [19]  774 	ld	l,-2 (ix)
   04C3 DD 66 FF      [19]  775 	ld	h,-1 (ix)
   04C6 E5            [11]  776 	push	hl
   04C7 21 00 00      [10]  777 	ld	hl,#0x0000
   04CA E5            [11]  778 	push	hl
   04CB 2E 10         [ 7]  779 	ld	l, #0x10
   04CD E5            [11]  780 	push	hl
   04CE DD 6E FA      [19]  781 	ld	l,-6 (ix)
   04D1 DD 66 FB      [19]  782 	ld	h,-5 (ix)
   04D4 E5            [11]  783 	push	hl
   04D5 DD 6E 04      [19]  784 	ld	l,4 (ix)
   04D8 DD 66 05      [19]  785 	ld	h,5 (ix)
   04DB E5            [11]  786 	push	hl
   04DC CDr39r01      [17]  787 	call	_printi
   04DF FD 21 0E 00   [14]  788 	ld	iy,#14
   04E3 FD 39         [15]  789 	add	iy,sp
   04E5 FD F9         [10]  790 	ld	sp,iy
   04E7 C1            [10]  791 	pop	bc
   04E8 09            [11]  792 	add	hl,bc
   04E9 4D            [ 4]  793 	ld	c,l
   04EA 44            [ 4]  794 	ld	b,h
                            795 ;..\..\..\libs\util\printf.c:157: continue;
   04EB C3rB1r05      [10]  796 	jp	00127$
   04EE                     797 00118$:
                            798 ;..\..\..\libs\util\printf.c:159: if( *format == 'u' ) {
   04EE DD 7E F5      [19]  799 	ld	a,-11 (ix)
   04F1 D6 75         [ 7]  800 	sub	a, #0x75
   04F3 20 4E         [12]  801 	jr	NZ,00120$
                            802 ;..\..\..\libs\util\printf.c:160: pc += printi (out, *varg++, 10, 0, width, pad, 'a');
   04F5 DD 6E F6      [19]  803 	ld	l,-10 (ix)
   04F8 DD 66 F7      [19]  804 	ld	h,-9 (ix)
   04FB 7E            [ 7]  805 	ld	a,(hl)
   04FC DD 77 FA      [19]  806 	ld	-6 (ix),a
   04FF 23            [ 6]  807 	inc	hl
   0500 7E            [ 7]  808 	ld	a,(hl)
   0501 DD 77 FB      [19]  809 	ld	-5 (ix),a
   0504 DD 7E FC      [19]  810 	ld	a,-4 (ix)
   0507 DD 77 06      [19]  811 	ld	6 (ix),a
   050A DD 7E FD      [19]  812 	ld	a,-3 (ix)
   050D DD 77 07      [19]  813 	ld	7 (ix),a
   0510 C5            [11]  814 	push	bc
   0511 21 61 00      [10]  815 	ld	hl,#0x0061
   0514 E5            [11]  816 	push	hl
   0515 D5            [11]  817 	push	de
   0516 DD 6E FE      [19]  818 	ld	l,-2 (ix)
   0519 DD 66 FF      [19]  819 	ld	h,-1 (ix)
   051C E5            [11]  820 	push	hl
   051D 21 00 00      [10]  821 	ld	hl,#0x0000
   0520 E5            [11]  822 	push	hl
   0521 2E 0A         [ 7]  823 	ld	l, #0x0a
   0523 E5            [11]  824 	push	hl
   0524 DD 6E FA      [19]  825 	ld	l,-6 (ix)
   0527 DD 66 FB      [19]  826 	ld	h,-5 (ix)
   052A E5            [11]  827 	push	hl
   052B DD 6E 04      [19]  828 	ld	l,4 (ix)
   052E DD 66 05      [19]  829 	ld	h,5 (ix)
   0531 E5            [11]  830 	push	hl
   0532 CDr39r01      [17]  831 	call	_printi
   0535 FD 21 0E 00   [14]  832 	ld	iy,#14
   0539 FD 39         [15]  833 	add	iy,sp
   053B FD F9         [10]  834 	ld	sp,iy
   053D C1            [10]  835 	pop	bc
   053E 09            [11]  836 	add	hl,bc
   053F 4D            [ 4]  837 	ld	c,l
   0540 44            [ 4]  838 	ld	b,h
                            839 ;..\..\..\libs\util\printf.c:161: continue;
   0541 18 6E         [12]  840 	jr	00127$
   0543                     841 00120$:
                            842 ;..\..\..\libs\util\printf.c:163: if( *format == 'c' ) {
   0543 DD 7E F5      [19]  843 	ld	a,-11 (ix)
   0546 D6 63         [ 7]  844 	sub	a, #0x63
   0548 20 67         [12]  845 	jr	NZ,00127$
                            846 ;..\..\..\libs\util\printf.c:165: scr[0] = *varg++;
   054A 21 02 00      [10]  847 	ld	hl,#0x0002
   054D 39            [11]  848 	add	hl,sp
   054E DD 75 FA      [19]  849 	ld	-6 (ix),l
   0551 DD 74 FB      [19]  850 	ld	-5 (ix),h
   0554 DD 6E F6      [19]  851 	ld	l,-10 (ix)
   0557 DD 66 F7      [19]  852 	ld	h,-9 (ix)
   055A 7E            [ 7]  853 	ld	a, (hl)
   055B 23            [ 6]  854 	inc	hl
   055C 66            [ 7]  855 	ld	h,(hl)
   055D 6F            [ 4]  856 	ld	l,a
   055E DD 7E FC      [19]  857 	ld	a,-4 (ix)
   0561 DD 77 06      [19]  858 	ld	6 (ix),a
   0564 DD 7E FD      [19]  859 	ld	a,-3 (ix)
   0567 DD 77 07      [19]  860 	ld	7 (ix),a
   056A 7D            [ 4]  861 	ld	a,l
   056B DD 6E FA      [19]  862 	ld	l,-6 (ix)
   056E DD 66 FB      [19]  863 	ld	h,-5 (ix)
   0571 77            [ 7]  864 	ld	(hl),a
                            865 ;..\..\..\libs\util\printf.c:166: scr[1] = '\0';
   0572 DD 6E FA      [19]  866 	ld	l,-6 (ix)
   0575 DD 66 FB      [19]  867 	ld	h,-5 (ix)
   0578 23            [ 6]  868 	inc	hl
   0579 36 00         [10]  869 	ld	(hl),#0x00
                            870 ;..\..\..\libs\util\printf.c:167: pc += prints (out, scr, width, pad);
   057B DD 6E FA      [19]  871 	ld	l,-6 (ix)
   057E DD 66 FB      [19]  872 	ld	h,-5 (ix)
   0581 C5            [11]  873 	push	bc
   0582 D5            [11]  874 	push	de
   0583 DD 5E FE      [19]  875 	ld	e,-2 (ix)
   0586 DD 56 FF      [19]  876 	ld	d,-1 (ix)
   0589 D5            [11]  877 	push	de
   058A E5            [11]  878 	push	hl
   058B DD 6E 04      [19]  879 	ld	l,4 (ix)
   058E DD 66 05      [19]  880 	ld	h,5 (ix)
   0591 E5            [11]  881 	push	hl
   0592 CDr3Ar00      [17]  882 	call	_prints
   0595 F1            [10]  883 	pop	af
   0596 F1            [10]  884 	pop	af
   0597 F1            [10]  885 	pop	af
   0598 F1            [10]  886 	pop	af
   0599 C1            [10]  887 	pop	bc
   059A 09            [11]  888 	add	hl,bc
   059B 4D            [ 4]  889 	ld	c,l
   059C 44            [ 4]  890 	ld	b,h
                            891 ;..\..\..\libs\util\printf.c:168: continue;
   059D 18 12         [12]  892 	jr	00127$
                            893 ;..\..\..\libs\util\printf.c:172: out:
   059F                     894 00123$:
                            895 ;..\..\..\libs\util\printf.c:173: printchar (out, *format);
   059F 26 00         [ 7]  896 	ld	h,#0x00
   05A1 C5            [11]  897 	push	bc
   05A2 E5            [11]  898 	push	hl
   05A3 DD 6E 04      [19]  899 	ld	l,4 (ix)
   05A6 DD 66 05      [19]  900 	ld	h,5 (ix)
   05A9 E5            [11]  901 	push	hl
   05AA CDr00r00      [17]  902 	call	_printchar
   05AD F1            [10]  903 	pop	af
   05AE F1            [10]  904 	pop	af
   05AF C1            [10]  905 	pop	bc
                            906 ;..\..\..\libs\util\printf.c:174: ++pc;
   05B0 03            [ 6]  907 	inc	bc
   05B1                     908 00127$:
                            909 ;..\..\..\libs\util\printf.c:124: for (; *format != 0; ++format) {
   05B1 DD 34 F8      [23]  910 	inc	-8 (ix)
   05B4 C2rBBr02      [10]  911 	jp	NZ,00136$
   05B7 DD 34 F9      [23]  912 	inc	-7 (ix)
   05BA C3rBBr02      [10]  913 	jp	00136$
   05BD                     914 00128$:
                            915 ;..\..\..\libs\util\printf.c:177: if (out) **out = '\0';
   05BD DD 7E 05      [19]  916 	ld	a,5 (ix)
   05C0 DD B6 04      [19]  917 	or	a,4 (ix)
   05C3 28 0B         [12]  918 	jr	Z,00130$
   05C5 DD 6E 04      [19]  919 	ld	l,4 (ix)
   05C8 DD 66 05      [19]  920 	ld	h,5 (ix)
   05CB 5E            [ 7]  921 	ld	e,(hl)
   05CC 23            [ 6]  922 	inc	hl
   05CD 56            [ 7]  923 	ld	d,(hl)
   05CE AF            [ 4]  924 	xor	a, a
   05CF 12            [ 7]  925 	ld	(de),a
   05D0                     926 00130$:
                            927 ;..\..\..\libs\util\printf.c:178: return pc;
   05D0 69            [ 4]  928 	ld	l, c
   05D1 60            [ 4]  929 	ld	h, b
   05D2 DD F9         [10]  930 	ld	sp, ix
   05D4 DD E1         [14]  931 	pop	ix
   05D6 C9            [10]  932 	ret
   05D7                     933 ___str_0:
   05D7 28 6E 75 6C 6C 29   934 	.ascii "(null)"
   05DD 00                  935 	.db 0x00
                            936 ;..\..\..\libs\util\printf.c:183: int printf(const char *format, ...)
                            937 ;	---------------------------------
                            938 ; Function printf
                            939 ; ---------------------------------
   05DE                     940 _printf::
                            941 ;..\..\..\libs\util\printf.c:185: register int *varg = (int *)(&format);
   05DE 21 02 00      [10]  942 	ld	hl,#0x0002
   05E1 39            [11]  943 	add	hl,sp
                            944 ;..\..\..\libs\util\printf.c:186: return print(0, varg);
   05E2 E5            [11]  945 	push	hl
   05E3 21 00 00      [10]  946 	ld	hl,#0x0000
   05E6 E5            [11]  947 	push	hl
   05E7 CDr92r02      [17]  948 	call	_print
   05EA F1            [10]  949 	pop	af
   05EB F1            [10]  950 	pop	af
   05EC C9            [10]  951 	ret
                            952 ;..\..\..\libs\util\printf.c:189: int sprintf(char *out, const char *format, ...)
                            953 ;	---------------------------------
                            954 ; Function sprintf
                            955 ; ---------------------------------
   05ED                     956 _sprintf::
   05ED DD E5         [15]  957 	push	ix
                            958 ;..\..\..\libs\util\printf.c:191: register int *varg = (int *)(&format);
   05EF 21 06 00      [10]  959 	ld	hl,#0x0006
   05F2 39            [11]  960 	add	hl,sp
   05F3 4D            [ 4]  961 	ld	c,l
   05F4 44            [ 4]  962 	ld	b,h
                            963 ;..\..\..\libs\util\printf.c:192: return print(&out, varg);
   05F5 21 04 00      [10]  964 	ld	hl,#0x0004
   05F8 39            [11]  965 	add	hl,sp
   05F9 C5            [11]  966 	push	bc
   05FA E5            [11]  967 	push	hl
   05FB CDr92r02      [17]  968 	call	_print
   05FE F1            [10]  969 	pop	af
   05FF F1            [10]  970 	pop	af
   0600 DD E1         [14]  971 	pop	ix
   0602 C9            [10]  972 	ret
                            973 	.area _CODE
                            974 	.area _INITIALIZER
                            975 	.area _CABS (ABS)
